{"/Users/naeliofreires/clean-node-api/src/presentation/controllers/SignUpController.ts": {"path":"/Users/naeliofreires/clean-node-api/src/presentation/controllers/SignUpController.ts","all":false,"statementMap":{"0":{"start":{"line":1,"column":0},"end":{"line":1,"column":84}},"1":{"start":{"line":2,"column":0},"end":{"line":2,"column":51}},"2":{"start":{"line":3,"column":0},"end":{"line":3,"column":71}},"3":{"start":{"line":4,"column":0},"end":{"line":4,"column":58}},"4":{"start":{"line":5,"column":0},"end":{"line":5,"column":66}},"5":{"start":{"line":6,"column":0},"end":{"line":6,"column":0}},"6":{"start":{"line":7,"column":0},"end":{"line":7,"column":71}},"7":{"start":{"line":8,"column":0},"end":{"line":8,"column":0}},"8":{"start":{"line":9,"column":0},"end":{"line":9,"column":53}},"9":{"start":{"line":10,"column":0},"end":{"line":10,"column":49}},"10":{"start":{"line":11,"column":0},"end":{"line":11,"column":0}},"11":{"start":{"line":12,"column":0},"end":{"line":12,"column":48}},"12":{"start":{"line":13,"column":0},"end":{"line":13,"column":40}},"13":{"start":{"line":14,"column":0},"end":{"line":14,"column":3}},"14":{"start":{"line":15,"column":0},"end":{"line":15,"column":0}},"15":{"start":{"line":16,"column":0},"end":{"line":16,"column":51}},"16":{"start":{"line":17,"column":0},"end":{"line":17,"column":32}},"17":{"start":{"line":18,"column":0},"end":{"line":18,"column":0}},"18":{"start":{"line":19,"column":0},"end":{"line":19,"column":41}},"19":{"start":{"line":20,"column":0},"end":{"line":20,"column":25}},"20":{"start":{"line":21,"column":0},"end":{"line":21,"column":55}},"21":{"start":{"line":22,"column":0},"end":{"line":22,"column":7}},"22":{"start":{"line":23,"column":0},"end":{"line":23,"column":5}},"23":{"start":{"line":24,"column":0},"end":{"line":24,"column":0}},"24":{"start":{"line":25,"column":0},"end":{"line":25,"column":74}},"25":{"start":{"line":26,"column":0},"end":{"line":26,"column":0}},"26":{"start":{"line":27,"column":0},"end":{"line":27,"column":24}},"27":{"start":{"line":28,"column":0},"end":{"line":28,"column":55}},"28":{"start":{"line":29,"column":0},"end":{"line":29,"column":5}},"29":{"start":{"line":30,"column":0},"end":{"line":30,"column":0}},"30":{"start":{"line":31,"column":0},"end":{"line":31,"column":12}},"31":{"start":{"line":32,"column":0},"end":{"line":32,"column":17}},"32":{"start":{"line":33,"column":0},"end":{"line":33,"column":21}},"33":{"start":{"line":34,"column":0},"end":{"line":34,"column":5}},"34":{"start":{"line":35,"column":0},"end":{"line":35,"column":3}},"35":{"start":{"line":36,"column":0},"end":{"line":36,"column":1}}},"s":{"0":1,"1":1,"2":1,"3":1,"4":1,"5":1,"6":1,"7":1,"8":1,"9":1,"10":1,"11":1,"12":5,"13":5,"14":1,"15":1,"16":5,"17":5,"18":5,"19":14,"20":4,"21":4,"22":14,"23":1,"24":1,"25":1,"26":1,"27":1,"28":1,"29":0,"30":0,"31":0,"32":0,"33":0,"34":0,"35":1},"branchMap":{"0":{"type":"branch","line":12,"loc":{"start":{"line":12,"column":2},"end":{"line":14,"column":3}},"locations":[{"start":{"line":12,"column":2},"end":{"line":14,"column":3}}]},"1":{"type":"branch","line":16,"loc":{"start":{"line":16,"column":2},"end":{"line":35,"column":3}},"locations":[{"start":{"line":16,"column":2},"end":{"line":35,"column":3}}]},"2":{"type":"branch","line":19,"loc":{"start":{"line":19,"column":40},"end":{"line":23,"column":5}},"locations":[{"start":{"line":19,"column":40},"end":{"line":23,"column":5}}]},"3":{"type":"branch","line":20,"loc":{"start":{"line":20,"column":24},"end":{"line":22,"column":7}},"locations":[{"start":{"line":20,"column":24},"end":{"line":22,"column":7}}]},"4":{"type":"branch","line":24,"loc":{"start":{"line":24,"column":-1},"end":{"line":29,"column":5}},"locations":[{"start":{"line":24,"column":-1},"end":{"line":29,"column":5}}]},"5":{"type":"branch","line":30,"loc":{"start":{"line":30,"column":-1},"end":{"line":35,"column":3}},"locations":[{"start":{"line":30,"column":-1},"end":{"line":35,"column":3}}]}},"b":{"0":[5],"1":[5],"2":[14],"3":[4],"4":[1],"5":[0]},"fnMap":{"0":{"name":"SignUpController","decl":{"start":{"line":12,"column":2},"end":{"line":14,"column":3}},"loc":{"start":{"line":12,"column":2},"end":{"line":14,"column":3}},"line":12},"1":{"name":"handle","decl":{"start":{"line":16,"column":2},"end":{"line":35,"column":3}},"loc":{"start":{"line":16,"column":2},"end":{"line":35,"column":3}},"line":16}},"f":{"0":5,"1":5}}
,"/Users/naeliofreires/clean-node-api/src/presentation/errors/missing-param-error.ts": {"path":"/Users/naeliofreires/clean-node-api/src/presentation/errors/missing-param-error.ts","all":false,"statementMap":{"0":{"start":{"line":1,"column":0},"end":{"line":1,"column":46}},"1":{"start":{"line":2,"column":0},"end":{"line":2,"column":35}},"2":{"start":{"line":3,"column":0},"end":{"line":3,"column":40}},"3":{"start":{"line":4,"column":0},"end":{"line":4,"column":35}},"4":{"start":{"line":5,"column":0},"end":{"line":5,"column":3}},"5":{"start":{"line":6,"column":0},"end":{"line":6,"column":1}},"6":{"start":{"line":7,"column":0},"end":{"line":7,"column":0}},"7":{"start":{"line":8,"column":0},"end":{"line":8,"column":46}},"8":{"start":{"line":9,"column":0},"end":{"line":9,"column":35}},"9":{"start":{"line":10,"column":0},"end":{"line":10,"column":40}},"10":{"start":{"line":11,"column":0},"end":{"line":11,"column":35}},"11":{"start":{"line":12,"column":0},"end":{"line":12,"column":3}},"12":{"start":{"line":13,"column":0},"end":{"line":13,"column":1}}},"s":{"0":1,"1":1,"2":8,"3":8,"4":8,"5":1,"6":1,"7":1,"8":1,"9":2,"10":2,"11":2,"12":1},"branchMap":{"0":{"type":"branch","line":2,"loc":{"start":{"line":2,"column":2},"end":{"line":5,"column":3}},"locations":[{"start":{"line":2,"column":2},"end":{"line":5,"column":3}}]},"1":{"type":"branch","line":9,"loc":{"start":{"line":9,"column":2},"end":{"line":12,"column":3}},"locations":[{"start":{"line":9,"column":2},"end":{"line":12,"column":3}}]}},"b":{"0":[8],"1":[2]},"fnMap":{"0":{"name":"MissingParamError","decl":{"start":{"line":2,"column":2},"end":{"line":5,"column":3}},"loc":{"start":{"line":2,"column":2},"end":{"line":5,"column":3}},"line":2},"1":{"name":"InvalidParamError","decl":{"start":{"line":9,"column":2},"end":{"line":12,"column":3}},"loc":{"start":{"line":9,"column":2},"end":{"line":12,"column":3}},"line":9}},"f":{"0":8,"1":2}}
,"/Users/naeliofreires/clean-node-api/src/presentation/protocols/email-validator.ts": {"path":"/Users/naeliofreires/clean-node-api/src/presentation/protocols/email-validator.ts","all":true,"statementMap":{"0":{"start":{"line":1,"column":0},"end":{"line":1,"column":33}},"1":{"start":{"line":2,"column":0},"end":{"line":2,"column":37}},"2":{"start":{"line":3,"column":0},"end":{"line":3,"column":1}}},"s":{"0":0,"1":0,"2":0},"branchMap":{"0":{"type":"branch","line":1,"loc":{"start":{"line":1,"column":0},"end":{"line":3,"column":1}},"locations":[{"start":{"line":1,"column":0},"end":{"line":3,"column":1}}]}},"b":{"0":[0]},"fnMap":{"0":{"name":"(empty-report)","decl":{"start":{"line":1,"column":0},"end":{"line":3,"column":1}},"loc":{"start":{"line":1,"column":0},"end":{"line":3,"column":1}},"line":1}},"f":{"0":0}}
}
