TN:
SF:src/presentation/controllers/SignUpController.ts
FN:12,SignUpController
FN:16,handle
FNF:2
FNH:2
FNDA:5,SignUpController
FNDA:5,handle
DA:1,1
DA:2,1
DA:3,1
DA:4,1
DA:5,1
DA:6,1
DA:7,1
DA:8,1
DA:9,1
DA:10,1
DA:11,1
DA:12,1
DA:13,5
DA:14,5
DA:15,1
DA:16,1
DA:17,5
DA:18,5
DA:19,5
DA:20,14
DA:21,4
DA:22,4
DA:23,14
DA:24,1
DA:25,1
DA:26,1
DA:27,1
DA:28,1
DA:29,1
DA:30,0
DA:31,0
DA:32,0
DA:33,0
DA:34,0
DA:35,0
DA:36,1
LF:36
LH:30
BRDA:12,0,0,5
BRDA:16,1,0,5
BRDA:19,2,0,14
BRDA:20,3,0,4
BRDA:24,4,0,1
BRDA:30,5,0,0
BRF:6
BRH:5
end_of_record
TN:
SF:src/presentation/errors/missing-param-error.ts
FN:2,MissingParamError
FN:9,InvalidParamError
FNF:2
FNH:2
FNDA:8,MissingParamError
FNDA:2,InvalidParamError
DA:1,1
DA:2,1
DA:3,8
DA:4,8
DA:5,8
DA:6,1
DA:7,1
DA:8,1
DA:9,1
DA:10,2
DA:11,2
DA:12,2
DA:13,1
LF:13
LH:13
BRDA:2,0,0,8
BRDA:9,1,0,2
BRF:2
BRH:2
end_of_record
TN:
SF:src/presentation/protocols/email-validator.ts
FN:1,(empty-report)
FNF:1
FNH:0
FNDA:0,(empty-report)
DA:1,0
DA:2,0
DA:3,0
LF:3
LH:0
BRDA:1,0,0,0
BRF:1
BRH:0
end_of_record
