TN:
SF:src/domain/models/account-model.ts
FN:1,(empty-report)
FNF:1
FNH:0
FNDA:0,(empty-report)
DA:1,0
DA:2,0
DA:3,0
DA:4,0
DA:5,0
DA:6,0
LF:6
LH:0
BRDA:1,0,0,0
BRF:1
BRH:0
end_of_record
TN:
SF:src/domain/use-cases/add-account.ts
FN:1,(empty-report)
FNF:1
FNH:0
FNDA:0,(empty-report)
DA:1,0
DA:2,0
DA:3,0
DA:4,0
DA:5,0
DA:6,0
DA:7,0
DA:8,0
DA:9,0
DA:10,0
DA:11,0
LF:11
LH:0
BRDA:1,0,0,0
BRF:1
BRH:0
end_of_record
TN:
SF:src/presentation/controllers/SignUpController.ts
FN:15,SignUpController
FN:20,handle
FNF:2
FNH:2
FNDA:9,SignUpController
FNDA:9,handle
DA:1,1
DA:2,1
DA:3,1
DA:4,1
DA:5,1
DA:6,1
DA:7,1
DA:8,1
DA:9,1
DA:10,1
DA:11,1
DA:12,1
DA:13,1
DA:14,1
DA:15,1
DA:16,9
DA:17,9
DA:18,9
DA:19,1
DA:20,1
DA:21,9
DA:22,9
DA:23,9
DA:24,30
DA:25,4
DA:26,4
DA:27,30
DA:28,5
DA:29,9
DA:30,1
DA:31,1
DA:32,4
DA:33,4
DA:34,4
DA:35,4
DA:36,4
DA:37,4
DA:38,9
DA:39,1
DA:40,1
DA:41,3
DA:42,9
DA:43,1
DA:44,1
DA:45,2
DA:46,2
DA:47,2
DA:48,2
DA:49,2
DA:50,2
DA:51,2
DA:52,2
DA:53,2
DA:54,1
LF:54
LH:54
BRDA:15,0,0,9
BRDA:20,1,0,9
BRDA:23,2,0,30
BRDA:24,3,0,4
BRDA:28,4,0,5
BRDA:29,5,0,1
BRDA:32,6,0,4
BRDA:38,7,0,1
BRDA:41,8,0,3
BRDA:42,9,0,1
BRDA:45,10,0,2
BRDA:36,11,0,4
BRF:12
BRH:12
end_of_record
TN:
SF:src/presentation/errors/index.ts
FN:2,MissingParamError
FN:9,InvalidParamError
FN:16,ServerError
FNF:3
FNH:3
FNDA:8,MissingParamError
FNDA:4,InvalidParamError
FNDA:2,ServerError
DA:1,1
DA:2,1
DA:3,8
DA:4,8
DA:5,8
DA:6,1
DA:7,1
DA:8,1
DA:9,1
DA:10,4
DA:11,4
DA:12,4
DA:13,1
DA:14,1
DA:15,1
DA:16,1
DA:17,2
DA:18,2
DA:19,2
DA:20,1
LF:20
LH:20
BRDA:2,0,0,8
BRDA:9,1,0,4
BRDA:16,2,0,2
BRF:3
BRH:3
end_of_record
TN:
SF:src/presentation/helpers/error-helper.ts
FN:6,tryCatch
FN:15,tryCatchAsync
FNF:2
FNH:1
FNDA:4,tryCatch
FNDA:0,tryCatchAsync
DA:1,1
DA:2,1
DA:3,1
DA:4,1
DA:5,1
DA:6,4
DA:7,4
DA:8,4
DA:9,4
DA:10,4
DA:11,1
DA:12,1
DA:13,4
DA:14,1
DA:15,1
DA:16,0
DA:17,0
DA:18,0
DA:19,0
DA:20,0
DA:21,0
DA:22,0
LF:22
LH:15
BRDA:6,0,0,4
BRDA:10,1,0,1
BRF:2
BRH:2
end_of_record
TN:
SF:src/presentation/protocols/email-validator.ts
FN:1,(empty-report)
FNF:1
FNH:0
FNDA:0,(empty-report)
DA:1,0
DA:2,0
DA:3,0
LF:3
LH:0
BRDA:1,0,0,0
BRF:1
BRH:0
end_of_record
